androbd/build/intermediates/manifest_merge_blame_file/debug/processDebugMainManifest/manifest-merger-blame-debug-report.txt
1<?xml version="1.0" encoding="utf-8"?>
2<manifest xmlns:android="http://schemas.android.com/apk/res/android"
3    package="com.fr3ts0n.ecu.gui.androbd"
4    android:versionCode="20614"
5    android:versionName="V2.6.14" >
6
7    <uses-sdk
8        android:minSdkVersion="17"
9        android:targetSdkVersion="25" />
10    <!-- start/stop bluetooth adapter -->
11    <uses-permission android:name="android.permission.BLUETOOTH_ADMIN" /> <!-- connect/disconnect bluetooth devices -->
11-->src/main/AndroidManifest.xml:4:5-74
11-->src/main/AndroidManifest.xml:4:22-71
12    <uses-permission android:name="android.permission.BLUETOOTH" /> <!-- to keep Bluetooth measurement running even when screen is inactive -->
12-->src/main/AndroidManifest.xml:5:5-68
12-->src/main/AndroidManifest.xml:5:22-65
13    <uses-permission android:name="android.permission.WAKE_LOCK" /> <!-- allow saving screenshots -->
13-->src/main/AndroidManifest.xml:6:5-68
13-->src/main/AndroidManifest.xml:6:22-65
14    <uses-permission android:name="android.permission.READ_EXTERNAL_STORAGE" /> <!-- allow saving screenshots -->
14-->src/main/AndroidManifest.xml:7:5-80
14-->src/main/AndroidManifest.xml:7:22-77
15    <uses-permission android:name="android.permission.WRITE_EXTERNAL_STORAGE" /> <!-- allow access to WIFI adapter -->
15-->src/main/AndroidManifest.xml:8:5-81
15-->src/main/AndroidManifest.xml:8:22-78
16    <uses-permission android:name="android.permission.ACCESS_NETWORK_STATE" />
16-->src/main/AndroidManifest.xml:9:5-79
16-->src/main/AndroidManifest.xml:9:22-76
17    <uses-permission android:name="android.permission.INTERNET" />
17-->src/main/AndroidManifest.xml:10:5-67
17-->src/main/AndroidManifest.xml:10:22-64
18
19    <!-- to allow service to open windows / start Activities -->
20    <uses-permission android:name="android.permission.SYSTEM_ALERT_WINDOW" />
20-->[:plugin] AndroidManifest.xml:10:5-78
20-->[:plugin] AndroidManifest.xml:10:22-75
21
22    <queries>
22-->[:plugin] AndroidManifest.xml:12:5-18:15
23
24        <!-- Search for plugins -->
25        <intent>
25-->[:plugin] AndroidManifest.xml:15:9-17:18
26            <action android:name="com.fr3ts0n.androbd.plugin.IDENTIFY" />
26-->[:plugin] AndroidManifest.xml:16:13-74
26-->[:plugin] AndroidManifest.xml:16:21-71
27        </intent>
28    </queries>
29
30    <permission
30-->[androidx.core:core:1.12.0] AndroidManifest.xml:22:5-24:47
31        android:name="com.fr3ts0n.ecu.gui.androbd.DYNAMIC_RECEIVER_NOT_EXPORTED_PERMISSION"
31-->[androidx.core:core:1.12.0] AndroidManifest.xml:23:9-81
32        android:protectionLevel="signature" />
32-->[androidx.core:core:1.12.0] AndroidManifest.xml:24:9-44
33
34    <uses-permission android:name="com.fr3ts0n.ecu.gui.androbd.DYNAMIC_RECEIVER_NOT_EXPORTED_PERMISSION" />
34-->[androidx.core:core:1.12.0] AndroidManifest.xml:26:5-97
34-->[androidx.core:core:1.12.0] AndroidManifest.xml:26:22-94
35
36    <application
36-->src/main/AndroidManifest.xml:12:5-74:19
37        android:allowBackup="true"
37-->src/main/AndroidManifest.xml:13:9-35
38        android:appComponentFactory="androidx.core.app.CoreComponentFactory"
38-->[androidx.core:core:1.12.0] AndroidManifest.xml:28:18-86
39        android:debuggable="true"
40        android:description="@string/app_description"
40-->src/main/AndroidManifest.xml:14:9-54
41        android:extractNativeLibs="true"
42        android:fullBackupContent="true"
42-->src/main/AndroidManifest.xml:15:9-41
43        android:icon="@mipmap/ic_launcher"
43-->src/main/AndroidManifest.xml:16:9-43
44        android:label="@string/app_name"
44-->src/main/AndroidManifest.xml:17:9-41
45        android:testOnly="true"
46        android:theme="@style/AppTheme.Dark" >
46-->src/main/AndroidManifest.xml:18:9-45
47        <activity
47-->src/main/AndroidManifest.xml:19:9-39:20
48            android:name="com.fr3ts0n.ecu.gui.androbd.MainActivity"
48-->src/main/AndroidManifest.xml:20:13-41
49            android:configChanges="keyboardHidden|orientation|screenSize"
49-->src/main/AndroidManifest.xml:21:13-74
50            android:exported="true"
50-->src/main/AndroidManifest.xml:23:13-36
51            android:label="@string/app_name" >
51-->src/main/AndroidManifest.xml:22:13-45
52            <intent-filter>
52-->src/main/AndroidManifest.xml:24:13-28:29
53                <action android:name="android.intent.action.MAIN" />
53-->src/main/AndroidManifest.xml:25:17-69
53-->src/main/AndroidManifest.xml:25:25-66
54
55                <category android:name="android.intent.category.LAUNCHER" />
55-->src/main/AndroidManifest.xml:27:17-77
55-->src/main/AndroidManifest.xml:27:27-74
56            </intent-filter>
57            <intent-filter>
57-->src/main/AndroidManifest.xml:29:13-31:29
58                <action android:name="android.hardware.usb.action.USB_DEVICE_ATTACHED" />
58-->src/main/AndroidManifest.xml:30:17-90
58-->src/main/AndroidManifest.xml:30:25-87
59            </intent-filter>
60            <intent-filter>
60-->src/main/AndroidManifest.xml:32:13-34:29
61                <action android:name="android.intent.action.VIEW" />
61-->src/main/AndroidManifest.xml:33:17-69
61-->src/main/AndroidManifest.xml:33:25-66
62            </intent-filter>
63
64            <meta-data
64-->src/main/AndroidManifest.xml:36:13-38:57
65                android:name="android.hardware.usb.action.USB_DEVICE_ATTACHED"
65-->src/main/AndroidManifest.xml:37:17-79
66                android:resource="@xml/device_filter" />
66-->src/main/AndroidManifest.xml:38:17-54
67        </activity>
68        <activity
68-->src/main/AndroidManifest.xml:40:9-43:53
69            android:name="com.fr3ts0n.ecu.gui.androbd.UsbDeviceListActivity"
69-->src/main/AndroidManifest.xml:41:13-50
70            android:configChanges="orientation|keyboardHidden|screenSize"
70-->src/main/AndroidManifest.xml:42:13-74
71            android:label="@string/select_device" />
71-->src/main/AndroidManifest.xml:43:13-50
72        <activity
72-->src/main/AndroidManifest.xml:44:9-47:53
73            android:name="com.fr3ts0n.ecu.gui.androbd.BtDeviceListActivity"
73-->src/main/AndroidManifest.xml:45:13-49
74            android:configChanges="orientation|keyboardHidden|screenSize"
74-->src/main/AndroidManifest.xml:46:13-74
75            android:label="@string/select_device" />
75-->src/main/AndroidManifest.xml:47:13-50
76        <activity
76-->src/main/AndroidManifest.xml:48:9-51:45
77            android:name="com.fr3ts0n.ecu.gui.androbd.ChartActivity"
77-->src/main/AndroidManifest.xml:49:13-42
78            android:configChanges="touchscreen|orientation|screenSize"
78-->src/main/AndroidManifest.xml:50:13-71
79            android:label="@string/chart" />
79-->src/main/AndroidManifest.xml:51:13-42
80        <activity
80-->src/main/AndroidManifest.xml:52:9-55:49
81            android:name="com.fr3ts0n.ecu.gui.androbd.DashBoardActivity"
81-->src/main/AndroidManifest.xml:53:13-46
82            android:configChanges="touchscreen|orientation|screenSize"
82-->src/main/AndroidManifest.xml:54:13-71
83            android:label="@string/dashboard" />
83-->src/main/AndroidManifest.xml:55:13-46
84        <activity
84-->src/main/AndroidManifest.xml:56:9-59:48
85            android:name="com.fr3ts0n.ecu.gui.androbd.SettingsActivity"
85-->src/main/AndroidManifest.xml:57:13-45
86            android:configChanges="touchscreen|orientation|screenSize"
86-->src/main/AndroidManifest.xml:58:13-71
87            android:label="@string/settings" />
87-->src/main/AndroidManifest.xml:59:13-45
88        <activity
88-->src/main/AndroidManifest.xml:60:9-63:74
89            android:name="com.fr3ts0n.ecu.gui.androbd.PidCustomization"
89-->src/main/AndroidManifest.xml:61:13-45
90            android:configChanges="touchscreen|orientation|screenSize"
90-->src/main/AndroidManifest.xml:63:13-71
91            android:label="@string/customize_display" />
91-->src/main/AndroidManifest.xml:62:13-54
92
93        <service android:name="com.fr3ts0n.ecu.gui.androbd.BtDeviceConnectService" />
93-->src/main/AndroidManifest.xml:64:9-59
93-->src/main/AndroidManifest.xml:64:18-56
94
95        <provider
96            android:name="androidx.core.content.FileProvider"
96-->src/main/AndroidManifest.xml:66:13-62
97            android:authorities="com.fr3ts0n.ecu.gui.androbd.provider"
97-->src/main/AndroidManifest.xml:67:13-60
98            android:exported="false"
98-->src/main/AndroidManifest.xml:68:13-37
99            android:grantUriPermissions="true" >
99-->src/main/AndroidManifest.xml:69:13-47
100            <meta-data
100-->src/main/AndroidManifest.xml:70:13-72:57
101                android:name="android.support.FILE_PROVIDER_PATHS"
101-->src/main/AndroidManifest.xml:71:17-67
102                android:resource="@xml/provider_paths" />
102-->src/main/AndroidManifest.xml:72:17-55
103        </provider>
104
105        <service
105-->[:plugin] AndroidManifest.xml:23:9-26:19
106            android:name="com.fr3ts0n.androbd.plugin.mgr.PluginDataService"
106-->[:plugin] AndroidManifest.xml:24:13-76
107            android:exported="true" >
107-->[:plugin] AndroidManifest.xml:25:13-36
108        </service>
109    </application>
110
111</manifest>